# JRE version: Java(TM) SE Runtime Environment (8.0_251-b08) (build 1.8.0_251-b08)
# Java VM: Java HotSpot(TM) 64-Bit Server VM (25.251-b08 mixed mode bsd-amd64 compressed oops)
Heap:
 garbage-first heap   total 262144K, used 130532K [0x0000000640000000, 0x0000000642000040, 0x00000007c0000000)
  region size 32768K, 2 young (65536K), 1 survivors (32768K)
 Metaspace       used 42036K, capacity 42809K, committed 43212K, reserved 1087488K
  class space    used 5509K, capacity 5733K, committed 5836K, reserved 1048576K
GC Heap History (10 events):
Event: 19.684 GC heap before
{Heap before GC invocations=91 (full 0):
 garbage-first heap   total 262144K, used 157348K [0x0000000640000000, 0x0000000642000040, 0x00000007c0000000)
  region size 32768K, 2 young (65536K), 1 survivors (32768K)
 Metaspace       used 40244K, capacity 40944K, committed 41420K, reserved 1085440K
  class space    used 5348K, capacity 5565K, committed 5580K, reserved 1048576K
Event: 19.689 GC heap after
Heap after GC invocations=92 (full 0):
 garbage-first heap   total 262144K, used 125921K [0x0000000640000000, 0x0000000642000040, 0x00000007c0000000)
  region size 32768K, 1 young (32768K), 1 survivors (32768K)
 Metaspace       used 40244K, capacity 40944K, committed 41420K, reserved 1085440K
  class space    used 5348K, capacity 5565K, committed 5580K, reserved 1048576K
}
Event: 19.771 GC heap before
{Heap before GC invocations=92 (full 0):
 garbage-first heap   total 262144K, used 158689K [0x0000000640000000, 0x0000000642000040, 0x00000007c0000000)
  region size 32768K, 2 young (65536K), 1 survivors (32768K)
 Metaspace       used 40524K, capacity 41212K, committed 41676K, reserved 1085440K
  class space    used 5374K, capacity 5571K, committed 5580K, reserved 1048576K
Event: 19.780 GC heap after
Heap after GC invocations=93 (full 0):
 garbage-first heap   total 262144K, used 129305K [0x0000000640000000, 0x0000000642000040, 0x00000007c0000000)
  region size 32768K, 1 young (32768K), 1 survivors (32768K)
 Metaspace       used 40524K, capacity 41212K, committed 41676K, reserved 1085440K
  class space    used 5374K, capacity 5571K, committed 5580K, reserved 1048576K
}
Event: 19.934 GC heap before
{Heap before GC invocations=94 (full 0):
 garbage-first heap   total 262144K, used 162073K [0x0000000640000000, 0x0000000642000040, 0x00000007c0000000)
  region size 32768K, 2 young (65536K), 1 survivors (32768K)
 Metaspace       used 40722K, capacity 41436K, committed 41804K, reserved 1085440K
  class space    used 5385K, capacity 5603K, committed 5708K, reserved 1048576K
Event: 19.939 GC heap after
Heap after GC invocations=95 (full 0):
 garbage-first heap   total 262144K, used 126554K [0x0000000640000000, 0x0000000642000040, 0x00000007c0000000)
  region size 32768K, 1 young (32768K), 1 survivors (32768K)
 Metaspace       used 40722K, capacity 41436K, committed 41804K, reserved 1085440K
  class space    used 5385K, capacity 5603K, committed 5708K, reserved 1048576K
}
Event: 20.015 GC heap before
{Heap before GC invocations=95 (full 0):
 garbage-first heap   total 262144K, used 159322K [0x0000000640000000, 0x0000000642000040, 0x00000007c0000000)
  region size 32768K, 2 young (65536K), 1 survivors (32768K)
 Metaspace       used 40865K, capacity 41570K, committed 42060K, reserved 1085440K
  class space    used 5398K, capacity 5604K, committed 5708K, reserved 1048576K
Event: 20.021 GC heap after
Heap after GC invocations=96 (full 0):
 garbage-first heap   total 262144K, used 128092K [0x0000000640000000, 0x0000000642000040, 0x00000007c0000000)
  region size 32768K, 1 young (32768K), 1 survivors (32768K)
 Metaspace       used 40865K, capacity 41570K, committed 42060K, reserved 1085440K
  class space    used 5398K, capacity 5604K, committed 5708K, reserved 1048576K
}
Event: 20.111 GC heap before
{Heap before GC invocations=96 (full 0):
 garbage-first heap   total 262144K, used 160860K [0x0000000640000000, 0x0000000642000040, 0x00000007c0000000)
  region size 32768K, 2 young (65536K), 1 survivors (32768K)
 Metaspace       used 41419K, capacity 42280K, committed 42700K, reserved 1085440K
  class space    used 5468K, capacity 5733K, committed 5836K, reserved 1048576K
Event: 20.116 GC heap after
Heap after GC invocations=97 (full 0):
 garbage-first heap   total 262144K, used 130532K [0x0000000640000000, 0x0000000642000040, 0x00000007c0000000)
  region size 32768K, 1 young (32768K), 1 survivors (32768K)
 Metaspace       used 41419K, capacity 42280K, committed 42700K, reserved 1085440K
  class space    used 5468K, capacity 5733K, committed 5836K, reserved 1048576K
}

